2017-06-04|14:01:49--{"appid":"wxd9798daf783a0deb","attach":"\u7ecd\u5174\u4e00\u5e97\uff08\u8d8a\u90fd\u540d\u5e9c\u5e97\uff09","bank_type":"COMM_DEBIT","cash_fee":"100000","fee_type":"CNY","is_subscribe":"Y","mch_id":"1455407902","nonce_str":"n1tgn24tqs7alv3zdaeo7tv5tilhb05a","openid":"oweZM09eUzaTe3ir6m16YzLpk8Pc","out_trade_no":"201706041401221604197082","result_code":"SUCCESS","return_code":"SUCCESS","sign":"0BE88A5D5CD67F64A2B3599FFD8196DD","time_end":"20170604140148","total_fee":"100000","trade_type":"JSAPI","transaction_id":"4009962001201706044234184232"}2017-06-04|14:07:51--{"appid":"wxd9798daf783a0deb","attach":"\u7ecd\u5174\u4e00\u5e97\uff08\u8d8a\u90fd\u540d\u5e9c\u5e97\uff09","bank_type":"ABC_DEBIT","cash_fee":"1","fee_type":"CNY","is_subscribe":"Y","mch_id":"1455407902","nonce_str":"oro75p245mfim1n33pg16xe2mf2j07pd","openid":"oweZM07aDB6faEfF-gBmI6n1A57E","out_trade_no":"201706041407434902667216","result_code":"SUCCESS","return_code":"SUCCESS","sign":"9FBE3F39469C87B2A63ECD33B8DB7ED3","time_end":"20170604140751","total_fee":"1","trade_type":"JSAPI","transaction_id":"4000232001201706044236050975"}2017-06-19|15:54:08
2017-06-19|15:55:41
2017-06-19|15:55:50
2017-06-19|15:56:06
2017-06-19|15:56:37
2017-06-19|15:57:06
2017-06-19|15:57:10
2017-06-19|15:57:33
2017-06-19|15:57:56
2017-06-19|15:57:57
2017-06-19|15:57:57
2017-06-19|15:57:58
2017-06-19|15:57:58
2017-06-19|15:57:58
2017-06-19|15:57:58
2017-06-19|15:57:58
2017-06-19|15:57:59
2017-06-19|15:57:59
2017-06-19|15:57:59
2017-06-19|15:58:00
2017-06-19|15:58:11
2017-06-19|15:58:11
2017-06-19|15:58:11
2017-06-19|15:58:12
2017-06-19|15:58:12
2017-06-19|15:58:12
2017-06-19|15:58:13
2017-06-19|15:58:13
2017-06-19|15:58:13
2017-06-19|15:58:14
2017-06-19|15:58:25
2017-06-19|15:58:25
2017-06-19|15:58:26
2017-06-19|15:58:26
2017-06-19|15:58:41
2017-06-19|15:58:47
2017-06-19|15:58:58
2017-06-19|15:59:24
2017-06-19|15:59:41
2017-06-19|15:59:41
2017-06-19|15:59:55
2017-06-19|15:59:55
2017-06-19|15:59:56
2017-06-19|16:00:02
2017-06-19|16:00:03
2017-06-19|16:00:03
2017-06-19|16:00:16
2017-06-19|16:00:16
2017-06-19|16:00:17
2017-06-19|16:00:17
2017-06-19|16:00:17
2017-06-19|16:00:43
2017-06-19|16:00:58
2017-06-19|16:00:58
2017-06-19|16:00:59
2017-06-19|16:00:59
2017-06-19|16:00:59
2017-06-19|16:01:11
2017-06-19|16:01:20
2017-06-19|16:01:20
2017-06-19|16:01:21
2017-06-19|16:01:21
2017-06-19|16:01:30
2017-06-19|16:01:30
2017-06-19|16:01:30
2017-06-19|16:01:37
2017-06-19|16:01:37
2017-06-19|16:01:38
2017-06-19|16:01:38
2017-06-19|16:01:38
2017-06-19|16:01:44
2017-06-19|16:01:44
2017-06-19|16:01:44
2017-06-19|16:01:45
2017-06-19|16:02:29
2017-06-19|16:02:30
2017-06-19|16:02:30
2017-06-19|16:02:42
2017-06-19|16:02:43
2017-06-19|16:02:43
2017-06-19|16:02:43
2017-06-19|16:02:59
2017-06-19|16:03:00
2017-06-19|16:03:00
2017-06-19|16:03:00
2017-06-19|16:03:29
2017-06-19|16:03:29
2017-06-19|16:03:30
2017-06-19|16:03:30
2017-06-19|16:03:30
2017-06-19|16:03:30
2017-06-19|16:03:31
2017-06-19|16:03:31
2017-06-19|16:03:31
2017-06-19|16:03:40
2017-06-19|16:03:50
2017-06-19|16:03:50
2017-06-19|16:03:50
2017-06-19|16:03:50
2017-06-19|16:03:51
2017-06-19|16:03:51
2017-06-19|16:03:51
2017-06-19|16:03:51
2017-06-19|16:03:51
2017-06-19|16:03:51
2017-06-19|16:04:10
2017-06-19|16:04:42
2017-06-19|16:04:42--{"appid":"wxd9798daf783a0deb","attach":"201706191604341923717581","bank_type":"ABC_DEBIT","cash_fee":"150","fee_type":"CNY","is_subscribe":"Y","mch_id":"1455407902","nonce_str":"dzorbratnm2xlu2ezstjrfk0ni7wnc1k","openid":"oweZM07aDB6faEfF-gBmI6n1A57E","out_trade_no":"201706191604341923717581","result_code":"SUCCESS","return_code":"SUCCESS","sign":"99D7D11869CEF352B55AA5FCC277A10C","time_end":"20170619160442","total_fee":"150","trade_type":"JSAPI","transaction_id":"4000232001201706196455777742"}
2017-06-19|16:06:10
2017-06-19|16:06:10--{"appid":"wxd9798daf783a0deb","attach":"201706191301484577227040","bank_type":"CFT","cash_fee":"600","fee_type":"CNY","is_subscribe":"Y","mch_id":"1455407902","nonce_str":"35o1wuto6zhoa7b2ielmum91d90lf4a3","openid":"oweZM09mX-0djxLq15H1UuSh_-Uo","out_trade_no":"201706191301484577227040","result_code":"SUCCESS","return_code":"SUCCESS","sign":"378B01A676635BE31080E91DFE7CA17E","time_end":"20170619130157","total_fee":"600","trade_type":"JSAPI","transaction_id":"4002252001201706196437175719"}
2017-06-19|16:13:54
2017-06-19|16:13:54--{"appid":"wxd9798daf783a0deb","attach":"201706191439296269498712","bank_type":"ABC_DEBIT","cash_fee":"300","fee_type":"CNY","is_subscribe":"N","mch_id":"1455407902","nonce_str":"ioo8qpxnp7j5i1wl5k9n9wkwkyj13qtd","openid":"oweZM0xW48XPWJhj3QytYhj5ZI4w","out_trade_no":"201706191439296269498712","result_code":"SUCCESS","return_code":"SUCCESS","sign":"78D19BAF69F6E30DBDC97E94AAB59458","time_end":"20170619143941","total_fee":"300","trade_type":"JSAPI","transaction_id":"4008532001201706196447305030"}
2017-06-19|16:14:58
2017-06-19|16:14:58--{"appid":"wxd9798daf783a0deb","attach":"201706191440217654626182","bank_type":"ABC_DEBIT","cash_fee":"300","fee_type":"CNY","is_subscribe":"N","mch_id":"1455407902","nonce_str":"zn9il5vjapzhuo71rgo22qsw0ak9mkqj","openid":"oweZM0xW48XPWJhj3QytYhj5ZI4w","out_trade_no":"201706191440217654626182","result_code":"SUCCESS","return_code":"SUCCESS","sign":"99C8A3BB7A0E4BC5C96BA11B1897550D","time_end":"20170619144045","total_fee":"300","trade_type":"JSAPI","transaction_id":"4008532001201706196448765716"}
2017-06-19|16:22:39
2017-06-19|16:22:39--{"appid":"wxd9798daf783a0deb","attach":"201706191547533097137391","bank_type":"ABC_DEBIT","cash_fee":"150","fee_type":"CNY","is_subscribe":"Y","mch_id":"1455407902","nonce_str":"qh6g211as50lgv0cfkg83nlwgjq2a69h","openid":"oweZM07aDB6faEfF-gBmI6n1A57E","out_trade_no":"201706191547533097137391","result_code":"SUCCESS","return_code":"SUCCESS","sign":"44660EF0D232A6AFCE3CFD655764F3E6","time_end":"20170619154832","total_fee":"150","trade_type":"JSAPI","transaction_id":"4000232001201706196455296032"}
2017-06-19|16:27:13
2017-06-19|16:27:13--{"appid":"wxd9798daf783a0deb","attach":"201706191552496893991568","bank_type":"ABC_DEBIT","cash_fee":"150","fee_type":"CNY","is_subscribe":"Y","mch_id":"1455407902","nonce_str":"t80x6kple26xbknj4kyvcoqteh76crew","openid":"oweZM07aDB6faEfF-gBmI6n1A57E","out_trade_no":"201706191552496893991568","result_code":"SUCCESS","return_code":"SUCCESS","sign":"873947A0D70EE4C8346E449FB4840354","time_end":"20170619155302","total_fee":"150","trade_type":"JSAPI","transaction_id":"4000232001201706196454271187"}
2017-06-19|16:27:34
2017-06-19|16:27:34--{"appid":"wxd9798daf783a0deb","attach":"201706191523148431959523","bank_type":"CFT","cash_fee":"300","fee_type":"CNY","is_subscribe":"N","mch_id":"1455407902","nonce_str":"h31hmns5x5n8jmekxasie4lxfr12tl0i","openid":"oweZM0yRR9DB_DvQFZC-TeBGv-OI","out_trade_no":"201706191523148431959523","result_code":"SUCCESS","return_code":"SUCCESS","sign":"153C7F5F5A2A323C0E83A38B2951EB0C","time_end":"20170619152325","total_fee":"300","trade_type":"JSAPI","transaction_id":"4000562001201706196454572048"}
2017-06-19|16:29:42
2017-06-19|16:29:42--{"appid":"wxd9798daf783a0deb","attach":"201706191555339311824560","bank_type":"ABC_DEBIT","cash_fee":"150","fee_type":"CNY","is_subscribe":"Y","mch_id":"1455407902","nonce_str":"tjshvcni47db6fb3e48yidyqjraeycr7","openid":"oweZM07aDB6faEfF-gBmI6n1A57E","out_trade_no":"201706191555339311824560","result_code":"SUCCESS","return_code":"SUCCESS","sign":"3526CC951C180C4C6F73A312162679EB","time_end":"20170619155541","total_fee":"150","trade_type":"JSAPI","transaction_id":"4000232001201706196458435312"}
2017-06-19|21:18:52--{"appid":"wxd9798daf783a0deb","attach":"201706192117318020613273","bank_type":"CMB_DEBIT","cash_fee":"159900","fee_type":"CNY","is_subscribe":"Y","mch_id":"1455407902","nonce_str":"apuk9uflsrqa7s3wfd5k6f9o76fw3kwx","openid":"oweZM0zkA046lQD1Y_zAF6hwrfwU","out_trade_no":"201706192117318020613273","result_code":"SUCCESS","return_code":"SUCCESS","sign":"F560241FDB08AB9954D765F363F01DBF","time_end":"20170619211852","total_fee":"159900","trade_type":"JSAPI","transaction_id":"4004812001201706196504597710"}
2017-06-20|12:47:37--{"appid":"wxd9798daf783a0deb","attach":"\u7ecd\u5174\u4e00\u5e97\uff08\u8d8a\u90fd\u540d\u5e9c\u5e97\uff09","bank_type":"GDB_CREDIT","cash_fee":"269900","fee_type":"CNY","is_subscribe":"Y","mch_id":"1455407902","nonce_str":"m8u6t3kzjhgjjk1kkbnnod683e5y158y","openid":"oweZM04mWA8s7Y370QEnGpndQ3EQ","out_trade_no":"201706201247296721599444","result_code":"SUCCESS","return_code":"SUCCESS","sign":"96225D40A7BF1DABF644084005B47BD1","time_end":"20170620124737","total_fee":"269900","trade_type":"JSAPI","transaction_id":"4003592001201706206582637468"}
2017-06-20|13:12:49--{"appid":"wxd9798daf783a0deb","attach":"\u7ecd\u5174\u4e00\u5e97\uff08\u8d8a\u90fd\u540d\u5e9c\u5e97\uff09","bank_type":"ICBC_DEBIT","cash_fee":"269900","fee_type":"CNY","is_subscribe":"Y","mch_id":"1455407902","nonce_str":"m26vs8f6ww6i48obty6q0tkrtrklfe0l","openid":"oweZM00msW4ocilXHiKrAlNgonF8","out_trade_no":"201706201309429304859745","result_code":"SUCCESS","return_code":"SUCCESS","sign":"322F98359465138AD981C0D753A80C04","time_end":"20170620131249","total_fee":"269900","trade_type":"JSAPI","transaction_id":"4007852001201706206582073461"}
2017-06-22|12:06:45--{"appid":"wxd9798daf783a0deb","attach":"\u7ecd\u5174\u4e00\u5e97\uff08\u8d8a\u90fd\u540d\u5e9c\u5e97\uff09","bank_type":"ICBC_DEBIT","cash_fee":"100000","fee_type":"CNY","is_subscribe":"Y","mch_id":"1455407902","nonce_str":"ifa0t5stubivb25yqjq2ausw1vaskksr","openid":"oweZM0-5MLqWbHE81XzI_jq4ptps","out_trade_no":"201706221205583788099386","result_code":"SUCCESS","return_code":"SUCCESS","sign":"5774ED8BA6874678C1E57AAEECBFA944","time_end":"20170622120644","total_fee":"100000","trade_type":"JSAPI","transaction_id":"4009552001201706226868008411"}
2017-06-23|12:42:28
2017-06-23|12:42:28--{"appid":"wxd9798daf783a0deb","attach":"201706231242096562824784","bank_type":"CFT","cash_fee":"650","fee_type":"CNY","is_subscribe":"Y","mch_id":"1455407902","nonce_str":"whl81fo7tz4ke45t3ejup64nzv6ct7jj","openid":"oweZM07Thy1CmJX1EM9TsNhJrez8","out_trade_no":"201706231242096562824784","result_code":"SUCCESS","return_code":"SUCCESS","sign":"B83279F8E21CFB89FDFBACBA7C91692D","time_end":"20170623124228","total_fee":"650","trade_type":"JSAPI","transaction_id":"4009782001201706237028792926"}
2017-06-23|22:47:31
2017-06-23|22:47:31--{"appid":"wxd9798daf783a0deb","attach":"201706232247212298065972","bank_type":"CMB_DEBIT","cash_fee":"500","fee_type":"CNY","is_subscribe":"Y","mch_id":"1455407902","nonce_str":"1cwc93ahncv7kh716atdv89ydegs38wn","openid":"oweZM01IYM7Jh-E-PqgYzzt4oH8A","out_trade_no":"201706232247212298065972","result_code":"SUCCESS","return_code":"SUCCESS","sign":"EEDFA68E7A77EF40CF9FD9B3DEDA2F31","time_end":"20170623224730","total_fee":"500","trade_type":"JSAPI","transaction_id":"4004232001201706237115862297"}
2017-06-24|11:22:53--{"appid":"wxd9798daf783a0deb","attach":"\u7ecd\u5174\u4e00\u5e97\uff08\u8d8a\u90fd\u540d\u5e9c\u5e97\uff09","bank_type":"GDB_CREDIT","cash_fee":"374850","fee_type":"CNY","is_subscribe":"Y","mch_id":"1455407902","nonce_str":"xx7uivvf0u9nqzko7cpaq2hb47ipyral","openid":"oweZM08LyAgIeI3DUYRWVmxNepAk","out_trade_no":"201706241120274235764896","result_code":"SUCCESS","return_code":"SUCCESS","sign":"1C8FC9FCF32CA4A8F75C1D931D774006","time_end":"20170624112253","total_fee":"374850","trade_type":"JSAPI","transaction_id":"4006132001201706247166868974"}
2017-06-25|18:53:40
2017-06-25|18:53:40--{"appid":"wxd9798daf783a0deb","attach":"201706251853328210753394","bank_type":"CMB_DEBIT","cash_fee":"700","fee_type":"CNY","is_subscribe":"Y","mch_id":"1455407902","nonce_str":"9g7nmihlzd4mlca9nz35dgfyr4iusf74","openid":"oweZM01IYM7Jh-E-PqgYzzt4oH8A","out_trade_no":"201706251853328210753394","result_code":"SUCCESS","return_code":"SUCCESS","sign":"75FDAB697288E102965C2E753F6F0A3A","time_end":"20170625185340","total_fee":"700","trade_type":"JSAPI","transaction_id":"4004232001201706257390257051"}
2017-06-26|01:24:18
2017-06-26|01:24:18--{"appid":"wxd9798daf783a0deb","attach":"201706260124101381443769","bank_type":"CFT","cash_fee":"300","fee_type":"CNY","is_subscribe":"Y","mch_id":"1455407902","nonce_str":"a0gc41p2px8h2lpglqcvzlqlfnu4ri0y","openid":"oweZM02hAqsmXXZGgy7ySLXvQo_E","out_trade_no":"201706260124101381443769","result_code":"SUCCESS","return_code":"SUCCESS","sign":"75522012587B5C42B24348CD7DE5578F","time_end":"20170626012417","total_fee":"300","trade_type":"JSAPI","transaction_id":"4000362001201706267440693239"}
2017-06-26|01:24:55
2017-06-26|01:24:55--{"appid":"wxd9798daf783a0deb","attach":"201706260124478007976582","bank_type":"CFT","cash_fee":"200","fee_type":"CNY","is_subscribe":"Y","mch_id":"1455407902","nonce_str":"ikhmtd76ysz4ac4obp6lchfxisnd3rnv","openid":"oweZM09eUzaTe3ir6m16YzLpk8Pc","out_trade_no":"201706260124478007976582","result_code":"SUCCESS","return_code":"SUCCESS","sign":"FB3DD3AE78D1A51400BE1966717AC0CD","time_end":"20170626012455","total_fee":"200","trade_type":"JSAPI","transaction_id":"4009962001201706267442350598"}
2017-06-26|01:30:18
2017-06-26|01:30:18--{"appid":"wxd9798daf783a0deb","attach":"201706260130019977217264","bank_type":"COMM_DEBIT","cash_fee":"1200","fee_type":"CNY","is_subscribe":"Y","mch_id":"1455407902","nonce_str":"9teen5vmg7e19neiutgmdwa4nxlb0hrw","openid":"oweZM09eUzaTe3ir6m16YzLpk8Pc","out_trade_no":"201706260130019977217264","result_code":"SUCCESS","return_code":"SUCCESS","sign":"A3118F6FDC50A8FF17AC8388D68EB65F","time_end":"20170626013018","total_fee":"1200","trade_type":"JSAPI","transaction_id":"4009962001201706267444406918"}
2017-06-26|01:41:16
2017-06-26|01:41:16--{"appid":"wxd9798daf783a0deb","attach":"201706260141103769473152","bank_type":"CFT","cash_fee":"2500","fee_type":"CNY","is_subscribe":"N","mch_id":"1455407902","nonce_str":"979syw0r6gi6m3icxr2zdpz6sf1quxoh","openid":"oweZM0_7qMvwDT8K60T6u29G-tJ4","out_trade_no":"201706260141103769473152","result_code":"SUCCESS","return_code":"SUCCESS","sign":"AF32FD1688E41528526EC0ECE53CDF46","time_end":"20170626014115","total_fee":"2500","trade_type":"JSAPI","transaction_id":"4009962001201706267439720252"}
2017-06-26|01:42:53
2017-06-26|01:42:53--{"appid":"wxd9798daf783a0deb","attach":"201706260142373753172521","bank_type":"CFT","cash_fee":"600","fee_type":"CNY","is_subscribe":"N","mch_id":"1455407902","nonce_str":"h2ggmcj7dj05njjjv1g708op1qilgjod","openid":"oweZM0_7qMvwDT8K60T6u29G-tJ4","out_trade_no":"201706260142373753172521","result_code":"SUCCESS","return_code":"SUCCESS","sign":"D1F163416A445CF4320AFD3699AF9304","time_end":"20170626014251","total_fee":"600","trade_type":"JSAPI","transaction_id":"4009962001201706267439713115"}
2017-06-26|02:32:59
2017-06-26|02:32:59--{"appid":"wxd9798daf783a0deb","attach":"201706260232525117460444","bank_type":"CFT","cash_fee":"600","fee_type":"CNY","is_subscribe":"N","mch_id":"1455407902","nonce_str":"dxnysu6vrsqyebigkl04skly8qltqzsx","openid":"oweZM0y3jJRv9g8BZ0nmCswgk7qA","out_trade_no":"201706260232525117460444","result_code":"SUCCESS","return_code":"SUCCESS","sign":"CBBBBEF8D1C18F6E58F139127ECFD922","time_end":"20170626023259","total_fee":"600","trade_type":"JSAPI","transaction_id":"4001202001201706267440252188"}
2017-06-26|02:46:04
2017-06-26|02:46:04--{"appid":"wxd9798daf783a0deb","attach":"201706260245543159752872","bank_type":"CFT","cash_fee":"2200","fee_type":"CNY","is_subscribe":"N","mch_id":"1455407902","nonce_str":"iwtx1c9vq5m06zkmay0j12d1oaqullla","openid":"oweZM0y3jJRv9g8BZ0nmCswgk7qA","out_trade_no":"201706260245543159752872","result_code":"SUCCESS","return_code":"SUCCESS","sign":"43C109D74C07BE785B13F6D201D7C015","time_end":"20170626024603","total_fee":"2200","trade_type":"JSAPI","transaction_id":"4001202001201706267443310424"}
2017-06-26|02:49:30
2017-06-26|02:49:30--{"appid":"wxd9798daf783a0deb","attach":"201706260249144484683151","bank_type":"CFT","cash_fee":"1000","fee_type":"CNY","is_subscribe":"N","mch_id":"1455407902","nonce_str":"74svaj2i9ddcmw45ebjrj7lki8gvshav","openid":"oweZM0_7qMvwDT8K60T6u29G-tJ4","out_trade_no":"201706260249144484683151","result_code":"SUCCESS","return_code":"SUCCESS","sign":"740803FB169D20EED8E8C6B6FA9EBB3A","time_end":"20170626024930","total_fee":"1000","trade_type":"JSAPI","transaction_id":"4009962001201706267441618294"}
2017-06-26|12:36:08--{"appid":"wxd9798daf783a0deb","attach":"201706261235591000588182","bank_type":"COMM_DEBIT","cash_fee":"2700","fee_type":"CNY","is_subscribe":"Y","mch_id":"1455407902","nonce_str":"6fynop2xx8ccojh970jv9ldhooufnwv5","openid":"oweZM09eUzaTe3ir6m16YzLpk8Pc","out_trade_no":"201706261235591000588182","result_code":"SUCCESS","return_code":"SUCCESS","sign":"3959FAECC23AF937B3DE0D0DC0002944","time_end":"20170626123607","total_fee":"2700","trade_type":"JSAPI","transaction_id":"4009962001201706267491448758"}
2017-06-27|02:23:30
2017-06-27|02:23:30--{"appid":"wxd9798daf783a0deb","attach":"201706270223217190693163","bank_type":"CCB_DEBIT","cash_fee":"300","fee_type":"CNY","is_subscribe":"N","mch_id":"1455407902","nonce_str":"481kccovjczk9igtf12whu43kocmrg2c","openid":"oweZM08Yuiaseu0vbOZRpO5OYo4c","out_trade_no":"201706270223217190693163","result_code":"SUCCESS","return_code":"SUCCESS","sign":"46F3743FDF532DBEADE94AB4E2239D05","time_end":"20170627022330","total_fee":"300","trade_type":"JSAPI","transaction_id":"4009442001201706277592068493"}
2017-06-27|10:37:49--{"appid":"wxd9798daf783a0deb","attach":"201706271029005938716722","bank_type":"CFT","cash_fee":"11300","fee_type":"CNY","is_subscribe":"Y","mch_id":"1455407902","nonce_str":"w10wzzbp00f15mhke1f2ts4sgcrfp5an","openid":"oweZM09eUzaTe3ir6m16YzLpk8Pc","out_trade_no":"201706271029005938716722","result_code":"SUCCESS","return_code":"SUCCESS","sign":"1843651A78436C8D37A7C00B910E57E7","time_end":"20170627103749","total_fee":"11300","trade_type":"JSAPI","transaction_id":"4009962001201706277629222794"}
2017-06-27|17:25:52
2017-06-27|17:25:52--{"appid":"wxd9798daf783a0deb","attach":"201706271725459424587619","bank_type":"CFT","cash_fee":"550","fee_type":"CNY","is_subscribe":"Y","mch_id":"1455407902","nonce_str":"snn2lua1cpfceahhsan1elt64sx2mctl","openid":"oweZM09eUzaTe3ir6m16YzLpk8Pc","out_trade_no":"201706271725459424587619","result_code":"SUCCESS","return_code":"SUCCESS","sign":"E088FD2B20E8FB7BAF574AE75BEF5590","time_end":"20170627172552","total_fee":"550","trade_type":"JSAPI","transaction_id":"4009962001201706277681885754"}
2017-06-27|17:30:43
2017-06-27|17:30:43--{"appid":"wxd9798daf783a0deb","attach":"201706271730356486831518","bank_type":"CFT","cash_fee":"650","fee_type":"CNY","is_subscribe":"Y","mch_id":"1455407902","nonce_str":"0xh73eelkgp0dnzy6gjw0oavn6ybdb5m","openid":"oweZM09eUzaTe3ir6m16YzLpk8Pc","out_trade_no":"201706271730356486831518","result_code":"SUCCESS","return_code":"SUCCESS","sign":"EBFF45F9D2F7C2CA9D8F758CB7EDEA65","time_end":"20170627173042","total_fee":"650","trade_type":"JSAPI","transaction_id":"4009962001201706277683930036"}
2017-06-28|00:20:14
2017-06-28|00:20:14--{"appid":"wxd9798daf783a0deb","attach":"201706280020061228161146","bank_type":"CMB_DEBIT","cash_fee":"900","fee_type":"CNY","is_subscribe":"Y","mch_id":"1455407902","nonce_str":"3wu8cdow81d4cp0n1kwwar6z3htw25i4","openid":"oweZM01IYM7Jh-E-PqgYzzt4oH8A","out_trade_no":"201706280020061228161146","result_code":"SUCCESS","return_code":"SUCCESS","sign":"BA83AE97DD32373AC17DBA52C149C1CE","time_end":"20170628002013","total_fee":"900","trade_type":"JSAPI","transaction_id":"4004232001201706287746565077"}
2017-06-28|22:35:14--{"appid":"wxd9798daf783a0deb","attach":"\u7ecd\u5174\u4e00\u5e97\uff08\u8d8a\u90fd\u540d\u5e9c\u5e97\uff09","bank_type":"CFT","cash_fee":"289900","fee_type":"CNY","is_subscribe":"Y","mch_id":"1455407902","nonce_str":"siyn95lmcpmne273dhnncrv3ugyahzyt","openid":"oweZM03vi6U6zkNMeg-yDqHcIcg0","out_trade_no":"201706282234251382795189","result_code":"SUCCESS","return_code":"SUCCESS","sign":"5117015518A7DE40805CFA2776858CBB","time_end":"20170628223514","total_fee":"289900","trade_type":"JSAPI","transaction_id":"4003532001201706287888627567"}
2017-06-29|21:43:39--{"appid":"wxd9798daf783a0deb","attach":"\u7ecd\u5174\u4e00\u5e97\uff08\u8d8a\u90fd\u540d\u5e9c\u5e97\uff09","bank_type":"CFT","cash_fee":"100","fee_type":"CNY","is_subscribe":"Y","mch_id":"1455407902","nonce_str":"q9mod5gfjmo8eu27v3irq075dim7p7ot","openid":"oweZM0zkA046lQD1Y_zAF6hwrfwU","out_trade_no":"201706292143336421340565","result_code":"SUCCESS","return_code":"SUCCESS","sign":"1A59E07066D3EB7C1376FAE2F5D1884B","time_end":"20170629214339","total_fee":"100","trade_type":"JSAPI","transaction_id":"4004812001201706298033435044"}
2017-06-30|09:04:11
2017-06-30|09:04:11--{"appid":"wxd9798daf783a0deb","attach":"201706300903599167295547","bank_type":"CFT","cash_fee":"500","fee_type":"CNY","is_subscribe":"Y","mch_id":"1455407902","nonce_str":"krc2x6z3hhghcmziszgbb9pxvwao4hyq","openid":"oweZM07Thy1CmJX1EM9TsNhJrez8","out_trade_no":"201706300903599167295547","result_code":"SUCCESS","return_code":"SUCCESS","sign":"30A834961D13745E9EE4D421BFE89EC2","time_end":"20170630090410","total_fee":"500","trade_type":"JSAPI","transaction_id":"4009782001201706308078655454"}
2017-06-30|14:33:14
2017-06-30|14:33:14--{"appid":"wxd9798daf783a0deb","attach":"201706301432563477523701","bank_type":"CCB_DEBIT","cash_fee":"280","coupon_count":"1","coupon_fee":"20","coupon_fee_0":"20","coupon_id_0":"2000000000787344151","fee_type":"CNY","is_subscribe":"N","mch_id":"1455407902","nonce_str":"j6ozmj0esi4rb788pm6ahdnyxn3xenyh","openid":"oweZM06kMjixLTVtf8zmGH3cAIDM","out_trade_no":"201706301432563477523701","result_code":"SUCCESS","return_code":"SUCCESS","sign":"C8B10CA752341E718C8776123F1307C6","time_end":"20170630143314","total_fee":"300","trade_type":"JSAPI","transaction_id":"4008722001201706308130535104"}
2017-06-30|14:59:06
2017-06-30|14:59:06--{"appid":"wxd9798daf783a0deb","attach":"201706301458548803342421","bank_type":"CFT","cash_fee":"300","fee_type":"CNY","is_subscribe":"N","mch_id":"1455407902","nonce_str":"dydoha6x68e75y9cyparrdb8q0hamqi4","openid":"oweZM09Ltq3PvoYQqaox-TKsDVg8","out_trade_no":"201706301458548803342421","result_code":"SUCCESS","return_code":"SUCCESS","sign":"8F2485E53291A1BF735A71EE16816E0F","time_end":"20170630145906","total_fee":"300","trade_type":"JSAPI","transaction_id":"4006802001201706308133242732"}
2017-06-30|15:12:15
2017-06-30|15:12:15--{"appid":"wxd9798daf783a0deb","attach":"201706301512074138332067","bank_type":"CFT","cash_fee":"289","coupon_count":"1","coupon_fee":"11","coupon_fee_0":"11","coupon_id_0":"2000000000787678124","fee_type":"CNY","is_subscribe":"N","mch_id":"1455407902","nonce_str":"p6o2445mm4nwdehdnd6vgue2kl4j9jd0","openid":"oweZM061ysxD9CiWWD4y54coAqEs","out_trade_no":"201706301512074138332067","result_code":"SUCCESS","return_code":"SUCCESS","sign":"777FA3D5A9FFBDCE8EFA824C25E93A59","time_end":"20170630151215","total_fee":"300","trade_type":"JSAPI","transaction_id":"4006272001201706308133644982"}
2017-07-01|11:42:43
2017-07-01|11:42:43--{"appid":"wxd9798daf783a0deb","attach":"201707011142312719675154","bank_type":"CFT","cash_fee":"600","fee_type":"CNY","is_subscribe":"N","mch_id":"1455407902","nonce_str":"nege1583cefi1g9ykyp4jwrtwxi23zz5","openid":"oweZM0xpIGKjOZqgQ1xDgGnGcskE","out_trade_no":"201707011142312719675154","result_code":"SUCCESS","return_code":"SUCCESS","sign":"3D57BD2946C283EB8BF611B884E2BEA2","time_end":"20170701114242","total_fee":"600","trade_type":"JSAPI","transaction_id":"4008922001201707018278785072"}
2017-07-01|12:06:26
2017-07-01|12:06:26--{"appid":"wxd9798daf783a0deb","attach":"201707011206172716372112","bank_type":"CFT","cash_fee":"950","fee_type":"CNY","is_subscribe":"N","mch_id":"1455407902","nonce_str":"0j19k14fqc23npihroui0jatwznijvzx","openid":"oweZM0xpIGKjOZqgQ1xDgGnGcskE","out_trade_no":"201707011206172716372112","result_code":"SUCCESS","return_code":"SUCCESS","sign":"B4C8C75096721A75CCD3872203B5445A","time_end":"20170701120624","total_fee":"950","trade_type":"JSAPI","transaction_id":"4008922001201707018281776471"}
2017-07-01|12:17:31
2017-07-01|12:17:31--{"appid":"wxd9798daf783a0deb","attach":"201707011217254533163826","bank_type":"CFT","cash_fee":"650","fee_type":"CNY","is_subscribe":"N","mch_id":"1455407902","nonce_str":"wo7t4k5sppjguyjkk36c2ip116m04c3j","openid":"oweZM084nzU0SKKeFbzmU_tTYue4","out_trade_no":"201707011217254533163826","result_code":"SUCCESS","return_code":"SUCCESS","sign":"5AEE09DE0947E0FDF76948BF1BB6AE64","time_end":"20170701121731","total_fee":"650","trade_type":"JSAPI","transaction_id":"4001822001201707018286774061"}
2017-07-02|16:40:33--{"appid":"wxd9798daf783a0deb","attach":"201707021639455519198202","bank_type":"CFT","cash_fee":"100000","fee_type":"CNY","is_subscribe":"Y","mch_id":"1455407902","nonce_str":"32xd6xhjh78mvf7vnk4kaisn9jrpz7eo","openid":"oweZM09eUzaTe3ir6m16YzLpk8Pc","out_trade_no":"201707021639455519198202","result_code":"SUCCESS","return_code":"SUCCESS","sign":"E1E328E6515CDA4E0B4A9FB0A69CD03C","time_end":"20170702164033","total_fee":"100000","trade_type":"JSAPI","transaction_id":"4009962001201707028522331558"}
2017-07-03|00:20:03
2017-07-03|00:20:03--{"appid":"wxd9798daf783a0deb","attach":"201707030019486294821790","bank_type":"CFT","cash_fee":"1600","fee_type":"CNY","is_subscribe":"Y","mch_id":"1455407902","nonce_str":"bms6aecfhvwiyx1tk2ie9ivavsto4rz3","openid":"oweZM01-9mz9aaZY0Yvu-V6Hx23I","out_trade_no":"201707030019486294821790","result_code":"SUCCESS","return_code":"SUCCESS","sign":"474EE9D8C763946C8583F02D3AC6DA46","time_end":"20170703002002","total_fee":"1600","trade_type":"JSAPI","transaction_id":"4009252001201707038596846721"}
2017-07-03|22:36:15
2017-07-03|22:36:15--{"appid":"wxd9798daf783a0deb","attach":"201707032236064358532656","bank_type":"CFT","cash_fee":"2000","fee_type":"CNY","is_subscribe":"Y","mch_id":"1455407902","nonce_str":"d89zm8rl0xy722q4ixks9avmjgrscruc","openid":"oweZM09eUzaTe3ir6m16YzLpk8Pc","out_trade_no":"201707032236064358532656","result_code":"SUCCESS","return_code":"SUCCESS","sign":"A43AF6449ACB4A53384DD11ABCBE684C","time_end":"20170703223614","total_fee":"2000","trade_type":"JSAPI","transaction_id":"4009962001201707038759147578"}
2017-07-05|11:05:34
2017-07-05|11:05:34--{"appid":"wxd9798daf783a0deb","attach":"201707051105254680860572","bank_type":"CCB_DEBIT","cash_fee":"600","fee_type":"CNY","is_subscribe":"N","mch_id":"1455407902","nonce_str":"nud1vuwtvj326vdoo4mzh8ftz8x27mvg","openid":"oweZM011VPN30OMGEfOx9TbAdKMk","out_trade_no":"201707051105254680860572","result_code":"SUCCESS","return_code":"SUCCESS","sign":"F60BB258A4FEC9B27E6F0EBF899A3B58","time_end":"20170705110533","total_fee":"600","trade_type":"JSAPI","transaction_id":"4004592001201707058984464121"}
2017-07-05|12:24:00
2017-07-05|12:24:00--{"appid":"wxd9798daf783a0deb","attach":"201707051223536317237927","bank_type":"CFT","cash_fee":"1185","coupon_count":"1","coupon_fee":"15","coupon_fee_0":"15","coupon_id_0":"2000000000842252204","fee_type":"CNY","is_subscribe":"Y","mch_id":"1455407902","nonce_str":"9tl9pd421qcw8iq8vdr0iaoxidwew4z1","openid":"oweZM0xPpjZwn_QwKadfMyKqSOlw","out_trade_no":"201707051223536317237927","result_code":"SUCCESS","return_code":"SUCCESS","sign":"D8497A64D34F319806A7114F5B0583B8","time_end":"20170705122359","total_fee":"1200","trade_type":"JSAPI","transaction_id":"4007462001201707058995801999"}
2017-07-05|13:12:49--{"appid":"wxd9798daf783a0deb","attach":"\u676d\u5dde\u4e00\u5e97\uff08\u4e0b\u6c99\u5927\u5b66\u5e97\uff09","bank_type":"CFT","cash_fee":"19984","coupon_count":"1","coupon_fee":"16","coupon_fee_0":"16","coupon_id_0":"2000000000843186213","fee_type":"CNY","is_subscribe":"Y","mch_id":"1455407902","nonce_str":"bxup9xp7dvvibd96e59gbwxo8f2vevi4","openid":"oweZM0zkA046lQD1Y_zAF6hwrfwU","out_trade_no":"201707051312422490718656","result_code":"SUCCESS","return_code":"SUCCESS","sign":"17D7F5FC0DAFAC675C3AE54CB446BAC9","time_end":"20170705131249","total_fee":"20000","trade_type":"JSAPI","transaction_id":"4004812001201707059005442879"}
2017-07-05|14:21:32
2017-07-05|14:21:32--{"appid":"wxd9798daf783a0deb","attach":"201707051421233602151632","bank_type":"CFT","cash_fee":"300","fee_type":"CNY","is_subscribe":"N","mch_id":"1455407902","nonce_str":"esrvt0wqy4uvytqzcbgrm3f1861q80al","openid":"oweZM0y3fZyvMewYXltiEiKe_a6A","out_trade_no":"201707051421233602151632","result_code":"SUCCESS","return_code":"SUCCESS","sign":"392B6E5CB5BA4A6C1FEC836ADB992DC4","time_end":"20170705142131","total_fee":"300","trade_type":"JSAPI","transaction_id":"4008402001201707059014980964"}
2017-07-05|18:31:42
2017-07-05|18:31:42--{"appid":"wxd9798daf783a0deb","attach":"201707051831322350872602","bank_type":"COMM_DEBIT","cash_fee":"600","fee_type":"CNY","is_subscribe":"Y","mch_id":"1455407902","nonce_str":"emwa9lzb40zcqfexqydavn1ycxxvlepd","openid":"oweZM09eUzaTe3ir6m16YzLpk8Pc","out_trade_no":"201707051831322350872602","result_code":"SUCCESS","return_code":"SUCCESS","sign":"626300093BA4B4A7CA6F424340823313","time_end":"20170705183141","total_fee":"600","trade_type":"JSAPI","transaction_id":"4009962001201707059051722961"}
2017-07-05|18:46:25
2017-07-05|18:46:25--{"appid":"wxd9798daf783a0deb","attach":"201707051846171973124009","bank_type":"COMM_DEBIT","cash_fee":"550","fee_type":"CNY","is_subscribe":"Y","mch_id":"1455407902","nonce_str":"hf6eqz67btjra8a3a4g4kbj39tquk8v1","openid":"oweZM09eUzaTe3ir6m16YzLpk8Pc","out_trade_no":"201707051846171973124009","result_code":"SUCCESS","return_code":"SUCCESS","sign":"6B987ED3CA0A3AB8AC09BE34F0FABFA9","time_end":"20170705184625","total_fee":"550","trade_type":"JSAPI","transaction_id":"4009962001201707059053212334"}
2017-07-05|21:08:46
2017-07-05|21:08:46--{"appid":"wxd9798daf783a0deb","attach":"201707052108408196363375","bank_type":"CFT","cash_fee":"250","fee_type":"CNY","is_subscribe":"Y","mch_id":"1455407902","nonce_str":"4g6vt3ezzol944mds4fg7qrad8bhk9b3","openid":"oweZM05ntfgagTD1dBrORkrke_tE","out_trade_no":"201707052108408196363375","result_code":"SUCCESS","return_code":"SUCCESS","sign":"96DE7958B59AD99874E5312727C942AE","time_end":"20170705210845","total_fee":"250","trade_type":"JSAPI","transaction_id":"4001812001201707059082613578"}
2017-07-05|22:16:14
2017-07-05|22:16:14--{"appid":"wxd9798daf783a0deb","attach":"201707052216016822658112","bank_type":"ICBC_DEBIT","cash_fee":"484","coupon_count":"1","coupon_fee":"16","coupon_fee_0":"16","coupon_id_0":"2000000000849101197","fee_type":"CNY","is_subscribe":"Y","mch_id":"1455407902","nonce_str":"clxtey378u00zpta978u0n6f2x2hyju7","openid":"oweZM0_kLCVVq6YCILaIB_Eh4Ajo","out_trade_no":"201707052216016822658112","result_code":"SUCCESS","return_code":"SUCCESS","sign":"6D78409DE9B4AC3BF15E0163D9EA2DED","time_end":"20170705221614","total_fee":"500","trade_type":"JSAPI","transaction_id":"4006332001201707059087322727"}
2017-07-07|13:39:57
2017-07-07|13:39:57--{"appid":"wxd9798daf783a0deb","attach":"201707071339499048058069","bank_type":"CFT","cash_fee":"100","fee_type":"CNY","is_subscribe":"Y","mch_id":"1455407902","nonce_str":"w4rtvttlxy3k38ljarvibdoypo3wr59n","openid":"oweZM0xPpjZwn_QwKadfMyKqSOlw","out_trade_no":"201707071339499048058069","result_code":"SUCCESS","return_code":"SUCCESS","sign":"B8125F882B6CEF3FDE108B275B8C2F52","time_end":"20170707133956","total_fee":"100","trade_type":"JSAPI","transaction_id":"4007462001201707079345642200"}
2017-07-07|15:56:59
2017-07-07|15:56:59--{"appid":"wxd9798daf783a0deb","attach":"201707071556494306544716","bank_type":"CFT","cash_fee":"1500","fee_type":"CNY","is_subscribe":"Y","mch_id":"1455407902","nonce_str":"v5d9sx9bbazfa55r7e2cq75xs9sorp88","openid":"oweZM0xD8Vvk21PSRWFTew2-6kVQ","out_trade_no":"201707071556494306544716","result_code":"SUCCESS","return_code":"SUCCESS","sign":"F4BB6092122853413375BD07957B5681","time_end":"20170707155658","total_fee":"1500","trade_type":"JSAPI","transaction_id":"4003522001201707079366666560"}
2017-07-07|19:08:30
2017-07-07|19:08:30--{"appid":"wxd9798daf783a0deb","attach":"201707071908242159840741","bank_type":"CFT","cash_fee":"200","fee_type":"CNY","is_subscribe":"Y","mch_id":"1455407902","nonce_str":"f7c12rjuwlhlevo261s7fqihkgfd5c9k","openid":"oweZM05ntfgagTD1dBrORkrke_tE","out_trade_no":"201707071908242159840741","result_code":"SUCCESS","return_code":"SUCCESS","sign":"8CEC8110F283AE59BEBE08376C79BBEC","time_end":"20170707190829","total_fee":"200","trade_type":"JSAPI","transaction_id":"4001812001201707079393808843"}
2017-07-08|19:45:57
2017-07-08|19:45:57--{"appid":"wxd9798daf783a0deb","attach":"201707081945505454719904","bank_type":"CMB_DEBIT","cash_fee":"300","fee_type":"CNY","is_subscribe":"Y","mch_id":"1455407902","nonce_str":"7a3n2rq3zeoza1ql2gdokiamkqudtt45","openid":"oweZM05ntfgagTD1dBrORkrke_tE","out_trade_no":"201707081945505454719904","result_code":"SUCCESS","return_code":"SUCCESS","sign":"AB89B7B1C642EC446841BA2A676BC2E2","time_end":"20170708194556","total_fee":"300","trade_type":"JSAPI","transaction_id":"4001812001201707089610729100"}
2017-07-08|20:47:18
2017-07-08|20:47:18--{"appid":"wxd9798daf783a0deb","attach":"201707082047103750510507","bank_type":"CFT","cash_fee":"300","fee_type":"CNY","is_subscribe":"Y","mch_id":"1455407902","nonce_str":"jm2zkvadddl1xzv5ddpdkb018aj6j462","openid":"oweZM01-9mz9aaZY0Yvu-V6Hx23I","out_trade_no":"201707082047103750510507","result_code":"SUCCESS","return_code":"SUCCESS","sign":"95A8051820575F5978B1576F1005866A","time_end":"20170708204718","total_fee":"300","trade_type":"JSAPI","transaction_id":"4009252001201707089618002744"}
2017-07-08|23:21:50
2017-07-08|23:21:50--{"appid":"wxd9798daf783a0deb","attach":"201707082321437662255412","bank_type":"CFT","cash_fee":"500","fee_type":"CNY","is_subscribe":"Y","mch_id":"1455407902","nonce_str":"yhxzyq1ech7a9fs5ukyrlkchrv5321g6","openid":"oweZM048QQ3fQf_RCWzg_t9BOJ9I","out_trade_no":"201707082321437662255412","result_code":"SUCCESS","return_code":"SUCCESS","sign":"9E597B40AF4A78D3E54B6F0B38916ECD","time_end":"20170708232150","total_fee":"500","trade_type":"JSAPI","transaction_id":"4009292001201707089645314597"}
2017-07-08|23:22:51
2017-07-08|23:22:51--{"appid":"wxd9798daf783a0deb","attach":"201707082322433255814719","bank_type":"CFT","cash_fee":"900","fee_type":"CNY","is_subscribe":"Y","mch_id":"1455407902","nonce_str":"aztd8d7fmtjblpjqr4kw4ws6l8pe7g5h","openid":"oweZM0xPpjZwn_QwKadfMyKqSOlw","out_trade_no":"201707082322433255814719","result_code":"SUCCESS","return_code":"SUCCESS","sign":"003257FF5F5B8BC163DF1934B539BDFD","time_end":"20170708232250","total_fee":"900","trade_type":"JSAPI","transaction_id":"4007462001201707089650391436"}
2017-07-09|07:34:43
2017-07-09|07:34:43--{"appid":"wxd9798daf783a0deb","attach":"201707090734359931332548","bank_type":"CFT","cash_fee":"1050","fee_type":"CNY","is_subscribe":"Y","mch_id":"1455407902","nonce_str":"sdudn3gosp6n6igdn4w8i7uvbzd57rtf","openid":"oweZM048QQ3fQf_RCWzg_t9BOJ9I","out_trade_no":"201707090734359931332548","result_code":"SUCCESS","return_code":"SUCCESS","sign":"307CABD342C224F9B14C0C4DC2CCFDAB","time_end":"20170709073442","total_fee":"1050","trade_type":"JSAPI","transaction_id":"4009292001201707099677070282"}
2017-07-09|12:41:10--{"appid":"wxd9798daf783a0deb","attach":"\u7ecd\u5174\u4e00\u5e97\uff08\u8d8a\u90fd\u540d\u5e9c\u5e97\uff09","bank_type":"ABC_DEBIT","cash_fee":"100000","fee_type":"CNY","is_subscribe":"Y","mch_id":"1455407902","nonce_str":"4cdpmqloatqekrsniwzsqy85sfbufour","openid":"oweZM01J5ZAz7BHBRxvimU9mks9A","out_trade_no":"201707091240345951265983","result_code":"SUCCESS","return_code":"SUCCESS","sign":"DDF4224049649E2B3AAD3664178980BB","time_end":"20170709124110","total_fee":"100000","trade_type":"JSAPI","transaction_id":"4005282001201707099723827087"}
2017-07-09|17:43:28
2017-07-09|17:43:28--{"appid":"wxd9798daf783a0deb","attach":"201707091743195065035713","bank_type":"CFT","cash_fee":"300","fee_type":"CNY","is_subscribe":"Y","mch_id":"1455407902","nonce_str":"gkfwb8460aiph85ynwr1f9i7elk67v3u","openid":"oweZM01-9mz9aaZY0Yvu-V6Hx23I","out_trade_no":"201707091743195065035713","result_code":"SUCCESS","return_code":"SUCCESS","sign":"7D73B673B373B007B857C28B82641FB0","time_end":"20170709174328","total_fee":"300","trade_type":"JSAPI","transaction_id":"4009252001201707099773736007"}
2017-07-10|01:52:52
2017-07-10|01:52:52--{"appid":"wxd9798daf783a0deb","attach":"201707100152442027133680","bank_type":"CFT","cash_fee":"200","fee_type":"CNY","is_subscribe":"Y","mch_id":"1455407902","nonce_str":"tjreo7sxjv13a02rivje86l4z5q7tqcd","openid":"oweZM048QQ3fQf_RCWzg_t9BOJ9I","out_trade_no":"201707100152442027133680","result_code":"SUCCESS","return_code":"SUCCESS","sign":"76092646753E7D5C2CD2CA4DBD969545","time_end":"20170710015252","total_fee":"200","trade_type":"JSAPI","transaction_id":"4009292001201707109848995163"}
2017-07-10|01:54:19
2017-07-10|01:54:19--{"appid":"wxd9798daf783a0deb","attach":"201707100154119246460891","bank_type":"CFT","cash_fee":"1100","fee_type":"CNY","is_subscribe":"Y","mch_id":"1455407902","nonce_str":"s3w5eko5dquaxj168sjtin7owitvhglg","openid":"oweZM048QQ3fQf_RCWzg_t9BOJ9I","out_trade_no":"201707100154119246460891","result_code":"SUCCESS","return_code":"SUCCESS","sign":"0F1DFAABED2799985CD1C1DA1762153B","time_end":"20170710015418","total_fee":"1100","trade_type":"JSAPI","transaction_id":"4009292001201707109847946388"}
2017-07-10|16:19:36--{"appid":"wxd9798daf783a0deb","attach":"\u676d\u5dde\u4e00\u5e97\uff08\u4e0b\u6c99\u5927\u5b66\u5e97\uff09","bank_type":"HXB_DEBIT","cash_fee":"89950","fee_type":"CNY","is_subscribe":"N","mch_id":"1455407902","nonce_str":"1kzzubgznfxd2pwtdgi39c9raofxjorf","openid":"oweZM0yulkYOC3XpB6J9uoNT-njI","out_trade_no":"201707101615546339768339","result_code":"SUCCESS","return_code":"SUCCESS","sign":"F19438C0A08A62D9BA6E962440FA2D9A","time_end":"20170710161936","total_fee":"89950","trade_type":"JSAPI","transaction_id":"4006562001201707109951473089"}
